<?xml version="1.0" encoding="UTF-8"?>
<testsuite name="cleanTest.ProjectAPITestToken" tests="1" skipped="0" failures="0" errors="0" timestamp="2022-12-23T04:51:50" hostname="MacBook-Pro-de-Janeth.local" time="8.849">
  <properties/>
  <testcase name="Verify the test API CRUD" classname="cleanTest.ProjectAPITestToken" time="8.849"/>
  <system-out><![CDATA[Request method:	GET
Request URI:	https://todo.ly/api/authentication/isauthenticated.json
Proxy:			<none>
Request params:	<none>
Query params:	<none>
Form params:	<none>
Path params:	<none>
Headers:		token=
				Accept=*/*
				Content-Type=text/plain; charset=ISO-8859-1
Cookies:		<none>
Multiparts:		<none>
Body:
{}
HTTP/1.1 200 OK
Cache-Control: no-cache, no-store, must-revalidate
Pragma: no-cache
Content-Type: application/json; charset=utf-8
Expires: -1
Server: Microsoft-IIS/8.0
Set-Cookie: ASP.NET_SessionId=ygohr2oxlgma23x3ksjrctzz; path=/; HttpOnly; SameSite=Lax
X-AspNetMvc-Version: 2.0
X-AspNet-Version: 4.0.30319
X-Powered-By: ASP.NET
Date: Fri, 23 Dec 2022 04:51:48 GMT
Content-Length: 5

false
Request method:	GET
Request URI:	https://todo.ly/api/authentication/token.json
Proxy:			<none>
Request params:	<none>
Query params:	<none>
Form params:	<none>
Path params:	<none>
Headers:		Authorization=Basic bW9qaXhAYm9vdGNhbXAuY29tOm1vaml4Ym9vdGNhbXA=
				Accept=*/*
				Content-Type=text/plain; charset=ISO-8859-1
Cookies:		<none>
Multiparts:		<none>
Body:
{}
HTTP/1.1 200 OK
Cache-Control: no-cache, no-store, must-revalidate
Pragma: no-cache
Content-Type: application/json; charset=utf-8
Expires: -1
Server: Microsoft-IIS/8.0
Set-Cookie: ASP.NET_SessionId=2of4rb23pfhhrwle2nncgan5; path=/; HttpOnly; SameSite=Lax
X-AspNetMvc-Version: 2.0
X-AspNet-Version: 4.0.30319
X-Powered-By: ASP.NET
Date: Fri, 23 Dec 2022 04:51:50 GMT
Content-Length: 126

{
    "TokenString": "3c4fa5d600f840b5b11b02ed3b1dcd92",
    "UserEmail": "mojix@bootcamp.com",
    "ExpirationTime": "/Date(1671789110030)/"
}
Request method:	POST
Request URI:	https://todo.ly/api/projects.json
Proxy:			<none>
Request params:	<none>
Query params:	<none>
Form params:	<none>
Path params:	<none>
Headers:		token=3c4fa5d600f840b5b11b02ed3b1dcd92
				Accept=*/*
				Content-Type=text/plain; charset=ISO-8859-1
Cookies:		<none>
Multiparts:		<none>
Body:
{"Content":"20221223_TEST_API_MOJIX_BOOTCAMP"}
HTTP/1.1 200 OK
Cache-Control: no-cache, no-store, must-revalidate
Pragma: no-cache
Content-Type: application/json; charset=utf-8
Expires: -1
Server: Microsoft-IIS/8.0
Set-Cookie: ASP.NET_SessionId=ygmprsvvuv33rghjrvvzfild; path=/; HttpOnly; SameSite=Lax
X-AspNetMvc-Version: 2.0
X-AspNet-Version: 4.0.30319
X-Powered-By: ASP.NET
Date: Fri, 23 Dec 2022 04:51:51 GMT
Content-Length: 422

{
    "Id": 4049410,
    "Content": "20221223_TEST_API_MOJIX_BOOTCAMP",
    "ItemsCount": 0,
    "Icon": 0,
    "ItemType": 2,
    "ParentId": null,
    "Collapsed": false,
    "ItemOrder": 253,
    "Children": [
        
    ],
    "IsProjectShared": false,
    "ProjectShareOwnerName": null,
    "ProjectShareOwnerEmail": null,
    "IsShareApproved": false,
    "IsOwnProject": true,
    "LastSyncedDateTime": "/Date(1671771111699)/",
    "LastUpdatedDate": "/Date(1671771111683)/",
    "Deleted": false,
    "SyncClientCreationId": null
}
Request method:	PUT
Request URI:	https://todo.ly/api/projects/4049410.json
Proxy:			<none>
Request params:	<none>
Query params:	<none>
Form params:	<none>
Path params:	<none>
Headers:		token=3c4fa5d600f840b5b11b02ed3b1dcd92
				Accept=*/*
				Content-Type=text/plain; charset=ISO-8859-1
Cookies:		<none>
Multiparts:		<none>
Body:
{"Content":"20221223_TEST_API_MOJIX_BOOTCAMP_UPDATED"}
HTTP/1.1 200 OK
Cache-Control: no-cache, no-store, must-revalidate
Pragma: no-cache
Content-Type: application/json; charset=utf-8
Expires: -1
Server: Microsoft-IIS/8.0
Set-Cookie: ASP.NET_SessionId=hafbfcge1m0odttz01hd5bkj; path=/; HttpOnly; SameSite=Lax
X-AspNetMvc-Version: 2.0
X-AspNet-Version: 4.0.30319
X-Powered-By: ASP.NET
Date: Fri, 23 Dec 2022 04:51:52 GMT
Content-Length: 430

{
    "Id": 4049410,
    "Content": "20221223_TEST_API_MOJIX_BOOTCAMP_UPDATED",
    "ItemsCount": 0,
    "Icon": 0,
    "ItemType": 2,
    "ParentId": null,
    "Collapsed": false,
    "ItemOrder": 253,
    "Children": [
        
    ],
    "IsProjectShared": false,
    "ProjectShareOwnerName": null,
    "ProjectShareOwnerEmail": null,
    "IsShareApproved": false,
    "IsOwnProject": true,
    "LastSyncedDateTime": "/Date(1671771112916)/",
    "LastUpdatedDate": "/Date(1671771112917)/",
    "Deleted": false,
    "SyncClientCreationId": null
}
Request method:	GET
Request URI:	https://todo.ly/api/projects/4049410.json
Proxy:			<none>
Request params:	<none>
Query params:	<none>
Form params:	<none>
Path params:	<none>
Headers:		token=3c4fa5d600f840b5b11b02ed3b1dcd92
				Accept=*/*
				Content-Type=text/plain; charset=ISO-8859-1
Cookies:		<none>
Multiparts:		<none>
Body:
{"Content":"20221223_TEST_API_MOJIX_BOOTCAMP_UPDATED"}
HTTP/1.1 200 OK
Cache-Control: no-cache, no-store, must-revalidate
Pragma: no-cache
Content-Type: application/json; charset=utf-8
Expires: -1
Server: Microsoft-IIS/8.0
Set-Cookie: ASP.NET_SessionId=medomz031q0bbxnjmv3pd1lf; path=/; HttpOnly; SameSite=Lax
X-AspNetMvc-Version: 2.0
X-AspNet-Version: 4.0.30319
X-Powered-By: ASP.NET
Date: Fri, 23 Dec 2022 04:51:53 GMT
Content-Length: 430

{
    "Id": 4049410,
    "Content": "20221223_TEST_API_MOJIX_BOOTCAMP_UPDATED",
    "ItemsCount": 0,
    "Icon": 0,
    "ItemType": 2,
    "ParentId": null,
    "Collapsed": false,
    "ItemOrder": 253,
    "Children": [
        
    ],
    "IsProjectShared": false,
    "ProjectShareOwnerName": null,
    "ProjectShareOwnerEmail": null,
    "IsShareApproved": false,
    "IsOwnProject": true,
    "LastSyncedDateTime": "/Date(1671771113992)/",
    "LastUpdatedDate": "/Date(1671771112917)/",
    "Deleted": false,
    "SyncClientCreationId": null
}
Request method:	DELETE
Request URI:	https://todo.ly/api/projects/4049410.json
Proxy:			<none>
Request params:	<none>
Query params:	<none>
Form params:	<none>
Path params:	<none>
Headers:		token=3c4fa5d600f840b5b11b02ed3b1dcd92
				Accept=*/*
				Content-Type=text/plain; charset=ISO-8859-1
Cookies:		<none>
Multiparts:		<none>
Body:
{"Content":"20221223_TEST_API_MOJIX_BOOTCAMP_UPDATED"}
HTTP/1.1 200 OK
Cache-Control: no-cache, no-store, must-revalidate
Pragma: no-cache
Content-Type: application/json; charset=utf-8
Expires: -1
Server: Microsoft-IIS/8.0
Set-Cookie: ASP.NET_SessionId=5iz30qasjnzk0vgzfpcojq0w; path=/; HttpOnly; SameSite=Lax
X-AspNetMvc-Version: 2.0
X-AspNet-Version: 4.0.30319
X-Powered-By: ASP.NET
Date: Fri, 23 Dec 2022 04:51:55 GMT
Content-Length: 429

{
    "Id": 4049410,
    "Content": "20221223_TEST_API_MOJIX_BOOTCAMP_UPDATED",
    "ItemsCount": 0,
    "Icon": 0,
    "ItemType": 2,
    "ParentId": null,
    "Collapsed": false,
    "ItemOrder": 253,
    "Children": [
        
    ],
    "IsProjectShared": false,
    "ProjectShareOwnerName": null,
    "ProjectShareOwnerEmail": null,
    "IsShareApproved": false,
    "IsOwnProject": true,
    "LastSyncedDateTime": "/Date(1671771115302)/",
    "LastUpdatedDate": "/Date(1671771115287)/",
    "Deleted": true,
    "SyncClientCreationId": null
}
]]></system-out>
  <system-err><![CDATA[]]></system-err>
</testsuite>
