<?xml version="1.0" encoding="UTF-8"?>
<testsuite name="cleanTest.ProjectAPITestToken" tests="1" skipped="0" failures="0" errors="0" timestamp="2022-12-21T03:53:56" hostname="MacBook-Pro-de-Janeth.local" time="10.003">
  <properties/>
  <testcase name="verifyCRUDProjectTest()" classname="cleanTest.ProjectAPITestToken" time="10.003"/>
  <system-out><![CDATA[Request method:	GET
Request URI:	https://todo.ly/api/authentication/isauthenticated.json
Proxy:			<none>
Request params:	<none>
Query params:	<none>
Form params:	<none>
Path params:	<none>
Headers:		token=
				Accept=*/*
				Content-Type=text/plain; charset=ISO-8859-1
Cookies:		<none>
Multiparts:		<none>
Body:
{}
HTTP/1.1 200 OK
Cache-Control: no-cache, no-store, must-revalidate
Pragma: no-cache
Content-Type: application/json; charset=utf-8
Expires: -1
Server: Microsoft-IIS/8.0
Set-Cookie: ASP.NET_SessionId=iab5rxrlybntshykjo3vjlne; path=/; HttpOnly; SameSite=Lax
X-AspNetMvc-Version: 2.0
X-AspNet-Version: 4.0.30319
X-Powered-By: ASP.NET
Date: Wed, 21 Dec 2022 03:53:41 GMT
Content-Length: 5

false
Request method:	GET
Request URI:	https://todo.ly/api/authentication/token.json
Proxy:			<none>
Request params:	<none>
Query params:	<none>
Form params:	<none>
Path params:	<none>
Headers:		Authorization=Basic bW9qaXhAYm9vdGNhbXAuY29tOm1vaml4Ym9vdGNhbXA=
				Accept=*/*
				Content-Type=text/plain; charset=ISO-8859-1
Cookies:		<none>
Multiparts:		<none>
Body:
{}
HTTP/1.1 200 OK
Cache-Control: no-cache, no-store, must-revalidate
Pragma: no-cache
Content-Type: application/json; charset=utf-8
Expires: -1
Server: Microsoft-IIS/8.0
Set-Cookie: ASP.NET_SessionId=t0j1jqflsrnjxivjrhpcwgas; path=/; HttpOnly; SameSite=Lax
X-AspNetMvc-Version: 2.0
X-AspNet-Version: 4.0.30319
X-Powered-By: ASP.NET
Date: Wed, 21 Dec 2022 03:53:42 GMT
Content-Length: 126

{
    "TokenString": "c7ec375f6a784c35b93bd309fe7a1b72",
    "UserEmail": "mojix@bootcamp.com",
    "ExpirationTime": "/Date(1671612822500)/"
}
Request method:	POST
Request URI:	https://todo.ly/api/projects.json
Proxy:			<none>
Request params:	<none>
Query params:	<none>
Form params:	<none>
Path params:	<none>
Headers:		token=c7ec375f6a784c35b93bd309fe7a1b72
				Accept=*/*
				Content-Type=text/plain; charset=ISO-8859-1
Cookies:		<none>
Multiparts:		<none>
Body:
{"Content":"20221220_TEST_API_MOJIX_BOOTCAMP"}
HTTP/1.1 200 OK
Cache-Control: no-cache, no-store, must-revalidate
Pragma: no-cache
Content-Type: application/json; charset=utf-8
Expires: -1
Server: Microsoft-IIS/8.0
Set-Cookie: ASP.NET_SessionId=gxq3vwlcslrqajrwkkh2dmdq; path=/; HttpOnly; SameSite=Lax
X-AspNetMvc-Version: 2.0
X-AspNet-Version: 4.0.30319
X-Powered-By: ASP.NET
Date: Wed, 21 Dec 2022 03:53:44 GMT
Content-Length: 421

{
    "Id": 4049134,
    "Content": "20221220_TEST_API_MOJIX_BOOTCAMP",
    "ItemsCount": 0,
    "Icon": 0,
    "ItemType": 2,
    "ParentId": null,
    "Collapsed": false,
    "ItemOrder": 99,
    "Children": [
        
    ],
    "IsProjectShared": false,
    "ProjectShareOwnerName": null,
    "ProjectShareOwnerEmail": null,
    "IsShareApproved": false,
    "IsOwnProject": true,
    "LastSyncedDateTime": "/Date(1671594824372)/",
    "LastUpdatedDate": "/Date(1671594824357)/",
    "Deleted": false,
    "SyncClientCreationId": null
}
Request method:	PUT
Request URI:	https://todo.ly/api/projects/4049134.json
Proxy:			<none>
Request params:	<none>
Query params:	<none>
Form params:	<none>
Path params:	<none>
Headers:		token=c7ec375f6a784c35b93bd309fe7a1b72
				Accept=*/*
				Content-Type=text/plain; charset=ISO-8859-1
Cookies:		<none>
Multiparts:		<none>
Body:
{"Content":"20221220_TEST_API_MOJIX_BOOTCAMP_UPDATED"}
HTTP/1.1 200 OK
Cache-Control: no-cache, no-store, must-revalidate
Pragma: no-cache
Content-Type: application/json; charset=utf-8
Expires: -1
Server: Microsoft-IIS/8.0
Set-Cookie: ASP.NET_SessionId=qwmra0kjyhp1i05bncn05oci; path=/; HttpOnly; SameSite=Lax
X-AspNetMvc-Version: 2.0
X-AspNet-Version: 4.0.30319
X-Powered-By: ASP.NET
Date: Wed, 21 Dec 2022 03:53:45 GMT
Content-Length: 429

{
    "Id": 4049134,
    "Content": "20221220_TEST_API_MOJIX_BOOTCAMP_UPDATED",
    "ItemsCount": 0,
    "Icon": 0,
    "ItemType": 2,
    "ParentId": null,
    "Collapsed": false,
    "ItemOrder": 99,
    "Children": [
        
    ],
    "IsProjectShared": false,
    "ProjectShareOwnerName": null,
    "ProjectShareOwnerEmail": null,
    "IsShareApproved": false,
    "IsOwnProject": true,
    "LastSyncedDateTime": "/Date(1671594825651)/",
    "LastUpdatedDate": "/Date(1671594825637)/",
    "Deleted": false,
    "SyncClientCreationId": null
}
Request method:	GET
Request URI:	https://todo.ly/api/projects/4049134.json
Proxy:			<none>
Request params:	<none>
Query params:	<none>
Form params:	<none>
Path params:	<none>
Headers:		token=c7ec375f6a784c35b93bd309fe7a1b72
				Accept=*/*
				Content-Type=text/plain; charset=ISO-8859-1
Cookies:		<none>
Multiparts:		<none>
Body:
{"Content":"20221220_TEST_API_MOJIX_BOOTCAMP_UPDATED"}
HTTP/1.1 200 OK
Cache-Control: no-cache, no-store, must-revalidate
Pragma: no-cache
Content-Type: application/json; charset=utf-8
Expires: -1
Server: Microsoft-IIS/8.0
Set-Cookie: ASP.NET_SessionId=au21i5tyw2uqbp1zxpba1i5m; path=/; HttpOnly; SameSite=Lax
X-AspNetMvc-Version: 2.0
X-AspNet-Version: 4.0.30319
X-Powered-By: ASP.NET
Date: Wed, 21 Dec 2022 03:53:46 GMT
Content-Length: 429

{
    "Id": 4049134,
    "Content": "20221220_TEST_API_MOJIX_BOOTCAMP_UPDATED",
    "ItemsCount": 0,
    "Icon": 0,
    "ItemType": 2,
    "ParentId": null,
    "Collapsed": false,
    "ItemOrder": 99,
    "Children": [
        
    ],
    "IsProjectShared": false,
    "ProjectShareOwnerName": null,
    "ProjectShareOwnerEmail": null,
    "IsShareApproved": false,
    "IsOwnProject": true,
    "LastSyncedDateTime": "/Date(1671594826884)/",
    "LastUpdatedDate": "/Date(1671594825637)/",
    "Deleted": false,
    "SyncClientCreationId": null
}
Request method:	DELETE
Request URI:	https://todo.ly/api/projects/4049134.json
Proxy:			<none>
Request params:	<none>
Query params:	<none>
Form params:	<none>
Path params:	<none>
Headers:		token=c7ec375f6a784c35b93bd309fe7a1b72
				Accept=*/*
				Content-Type=text/plain; charset=ISO-8859-1
Cookies:		<none>
Multiparts:		<none>
Body:
{"Content":"20221220_TEST_API_MOJIX_BOOTCAMP_UPDATED"}
HTTP/1.1 200 OK
Cache-Control: no-cache, no-store, must-revalidate
Pragma: no-cache
Content-Type: application/json; charset=utf-8
Expires: -1
Server: Microsoft-IIS/8.0
Set-Cookie: ASP.NET_SessionId=shtquk0lk00eatxhbvjn40gm; path=/; HttpOnly; SameSite=Lax
X-AspNetMvc-Version: 2.0
X-AspNet-Version: 4.0.30319
X-Powered-By: ASP.NET
Date: Wed, 21 Dec 2022 03:53:48 GMT
Content-Length: 428

{
    "Id": 4049134,
    "Content": "20221220_TEST_API_MOJIX_BOOTCAMP_UPDATED",
    "ItemsCount": 0,
    "Icon": 0,
    "ItemType": 2,
    "ParentId": null,
    "Collapsed": false,
    "ItemOrder": 99,
    "Children": [
        
    ],
    "IsProjectShared": false,
    "ProjectShareOwnerName": null,
    "ProjectShareOwnerEmail": null,
    "IsShareApproved": false,
    "IsOwnProject": true,
    "LastSyncedDateTime": "/Date(1671594828023)/",
    "LastUpdatedDate": "/Date(1671594828007)/",
    "Deleted": true,
    "SyncClientCreationId": null
}
]]></system-out>
  <system-err><![CDATA[]]></system-err>
</testsuite>
